<?xml version="1.0" encoding="UTF-8"?>
<robot generator="Robot 6.1.1 (Python 3.11.4 on win32)" generated="20230826 16:37:08.548" rpa="false" schemaversion="4">
<suite id="s1" name="Demo11" source="C:\Users\suhelk\PycharmProjects\Automation\Demo11.robot">
<test id="s1-t1" name="Tes11" line="9">
<kw name="Open Browser" library="SeleniumLibrary">
<arg>https://www.flipkart.com/</arg>
<arg>chrome</arg>
<doc>Opens a new browser instance to the optional ``url``.</doc>
<msg timestamp="20230826 16:37:08.766" level="INFO">Opening browser 'chrome' to base url 'https://www.flipkart.com/'.</msg>
<msg timestamp="20230826 16:38:56.518" level="WARN">Exception trying to discover chromedriver version: error sending request for url (https://chromedriver.storage.googleapis.com/LATEST_RELEASE_114): error trying to connect: tcp connect error: No connection could be made because the target machine actively refused it. (os error 10061)</msg>
<status status="PASS" starttime="20230826 16:37:08.766" endtime="20230826 16:39:07.422"/>
</kw>
<status status="PASS" starttime="20230826 16:37:08.765" endtime="20230826 16:39:07.426"/>
</test>
<status status="PASS" starttime="20230826 16:37:08.550" endtime="20230826 16:39:07.429"/>
</suite>
<statistics>
<total>
<stat pass="1" fail="0" skip="0">All Tests</stat>
</total>
<tag>
</tag>
<suite>
<stat pass="1" fail="0" skip="0" id="s1" name="Demo11">Demo11</stat>
</suite>
</statistics>
<errors>
<msg timestamp="20230826 16:38:56.518" level="WARN">Exception trying to discover chromedriver version: error sending request for url (https://chromedriver.storage.googleapis.com/LATEST_RELEASE_114): error trying to connect: tcp connect error: No connection could be made because the target machine actively refused it. (os error 10061)</msg>
</errors>
</robot>
